<?xml version="1.0" encoding="UTF-8"?>
<!-- Generated by org.testng.reporters.JUnitXMLReporter -->
<testsuite ignored="0" hostname="DESKTOP-OJV5DL2" failures="0" tests="5" name="PlaceOrderTest" time="0.843" errors="0" timestamp="2024-05-30T09:43:22 IST">
  <testcase classname="Tests.PlaceOrder_Test" name="@BeforeMethod bt" time="0.816">
    <failure type="org.openqa.selenium.SessionNotCreatedException" message="Could not start a new session. Response code 500. Message: session not created: This version of ChromeDriver only supports Chrome version 123
Current browser version is 125.0.6422.113 with binary path C:\Program Files\Google\Chrome\Application\chrome.exe 
Host info: host: &amp;apos;DESKTOP-OJV5DL2&amp;apos;, ip: &amp;apos;192.168.56.1&amp;apos;
Build info: version: &amp;apos;4.19.1&amp;apos;, revision: &amp;apos;abe0ee07dc&amp;apos;
System info: os.name: &amp;apos;Windows 11&amp;apos;, os.arch: &amp;apos;amd64&amp;apos;, os.version: &amp;apos;10.0&amp;apos;, java.version: &amp;apos;21.0.2&amp;apos;
Driver info: org.openqa.selenium.chrome.ChromeDriver
Command: [null, newSession {capabilities=[Capabilities {browserName: chrome, goog:chromeOptions: {args: [], extensions: []}}]}]">
      <![CDATA[org.openqa.selenium.SessionNotCreatedException: Could not start a new session. Response code 500. Message: session not created: This version of ChromeDriver only supports Chrome version 123
Current browser version is 125.0.6422.113 with binary path C:\Program Files\Google\Chrome\Application\chrome.exe 
Host info: host: 'DESKTOP-OJV5DL2', ip: '192.168.56.1'
Build info: version: '4.19.1', revision: 'abe0ee07dc'
System info: os.name: 'Windows 11', os.arch: 'amd64', os.version: '10.0', java.version: '21.0.2'
Driver info: org.openqa.selenium.chrome.ChromeDriver
Command: [null, newSession {capabilities=[Capabilities {browserName: chrome, goog:chromeOptions: {args: [], extensions: []}}]}]
at org.openqa.selenium.remote.ProtocolHandshake.createSession(ProtocolHandshake.java:114)
at org.openqa.selenium.remote.ProtocolHandshake.createSession(ProtocolHandshake.java:75)
at org.openqa.selenium.remote.ProtocolHandshake.createSession(ProtocolHandshake.java:61)
at org.openqa.selenium.remote.HttpCommandExecutor.execute(HttpCommandExecutor.java:162)
at org.openqa.selenium.remote.service.DriverCommandExecutor.invokeExecute(DriverCommandExecutor.java:216)
at org.openqa.selenium.remote.service.DriverCommandExecutor.execute(DriverCommandExecutor.java:174)
at org.openqa.selenium.remote.RemoteWebDriver.execute(RemoteWebDriver.java:518)
at org.openqa.selenium.remote.RemoteWebDriver.startSession(RemoteWebDriver.java:232)
at org.openqa.selenium.remote.RemoteWebDriver.<init>(RemoteWebDriver.java:161)
at org.openqa.selenium.chromium.ChromiumDriver.<init>(ChromiumDriver.java:114)
at org.openqa.selenium.chrome.ChromeDriver.<init>(ChromeDriver.java:89)
at org.openqa.selenium.chrome.ChromeDriver.<init>(ChromeDriver.java:84)
at org.openqa.selenium.chrome.ChromeDriver.<init>(ChromeDriver.java:52)
at Utilities.Base.launch_browser(Base.java:21)
at Tests.PlaceOrder_Test.bt(PlaceOrder_Test.java:29)
at java.base/java.util.ArrayList.forEach(ArrayList.java:1596)
... Removed 29 stack frames]]>
    </failure>
  </testcase> <!-- @BeforeMethod bt -->
  <testcase classname="Tests.PlaceOrder_Test" name="@BeforeMethod bt" time="-1.717042402616E9">
    <skipped/>
  </testcase> <!-- @BeforeMethod bt -->
  <testcase classname="Tests.PlaceOrder_Test" name="@BeforeMethod bt" time="-1.717042402621E9">
    <skipped/>
  </testcase> <!-- @BeforeMethod bt -->
  <testcase classname="Tests.PlaceOrder_Test" name="@BeforeMethod bt" time="-1.717042402625E9">
    <skipped/>
  </testcase> <!-- @BeforeMethod bt -->
  <testcase classname="Tests.PlaceOrder_Test" name="@BeforeMethod bt" time="-1.717042402629E9">
    <skipped/>
  </testcase> <!-- @BeforeMethod bt -->
  <testcase classname="Tests.PlaceOrder_Test" name="TC_0014" time="0.0">
    <skipped/>
  </testcase> <!-- TC_0014 -->
  <testcase classname="Tests.PlaceOrder_Test" name="TC_0015" time="0.0">
    <skipped/>
  </testcase> <!-- TC_0015 -->
  <testcase classname="Tests.PlaceOrder_Test" name="TC_0016" time="0.0">
    <skipped/>
  </testcase> <!-- TC_0016 -->
  <testcase classname="Tests.PlaceOrder_Test" name="TC_0023" time="0.0">
    <skipped/>
  </testcase> <!-- TC_0023 -->
  <testcase classname="Tests.PlaceOrder_Test" name="TC_0024" time="0.0">
    <skipped/>
  </testcase> <!-- TC_0024 -->
</testsuite> <!-- PlaceOrderTest -->
